<?xml version="1.0" encoding="UTF-8"?>
<!-- Generated by org.testng.reporters.JUnitReportReporter -->
<testsuite skipped="0" hostname="LAPTOP-19N1NVEG" name="TestCases.HRM" tests="1" failures="0" timestamp="19 Mar 2021 10:46:54 GMT" time="115.703" errors="0">
  <testcase name="HRM_ApplyLeave" time="115.703" classname="TestCases.HRM"/>
</testsuite> <!-- TestCases.HRM -->
