<?xml version="1.0" encoding="UTF-8"?>
<!-- Generated by org.testng.reporters.JUnitReportReporter -->
<testsuite skipped="0" hostname="LAPTOP-19N1NVEG" name="TestCases.DemoElements" tests="1" failures="0" timestamp="21 Mar 2021 11:58:05 GMT" time="26.446" errors="0">
  <testcase name="DemoElements_demoElementTestcase" time="26.446" classname="TestCases.DemoElements"/>
</testsuite> <!-- TestCases.DemoElements -->
