<?xml version="1.0" encoding="UTF-8"?>
<!-- Generated by org.testng.reporters.JUnitReportReporter -->
<testsuite skipped="0" hostname="LAPTOP-19N1NVEG" name="testCases.Legal" tests="1" failures="0" timestamp="14 Apr 2021 05:58:58 GMT" time="27.489" errors="0">
  <testcase name="Legal_ConditionType_Judgement_003" time="27.489" classname="testCases.Legal"/>
</testsuite> <!-- testCases.Legal -->
