<?xml version="1.0" encoding="UTF-8"?>
<!-- Generated by org.testng.reporters.JUnitReportReporter -->
<testsuite skipped="0" hostname="LAPTOP-19N1NVEG" name="TestCases.DemoElements" tests="1" failures="0" timestamp="18 Mar 2021 14:39:20 GMT" time="31.425" errors="0">
  <testcase name="DemoElements_demoElementTestcase" time="31.425" classname="TestCases.DemoElements"/>
</testsuite> <!-- TestCases.DemoElements -->
