<?xml version="1.0" encoding="UTF-8"?>
<!-- Generated by org.testng.reporters.JUnitReportReporter -->
<testsuite hostname="LAPTOP-19N1NVEG" failures="0" tests="1" name="BasePack.BaseClass" time="0.012" errors="0" timestamp="2020-12-29T21:39:17 IST" skipped="0">
  <testcase classname="BasePack.BaseClass" name="Tets" time="0.012"/>
  <system-out/>
</testsuite> <!-- BasePack.BaseClass -->
